<?xml version="1.0" encoding="UTF-8"?>
<testng-results ignored="0" total="1" passed="1" failed="0" skipped="0">
  <reporter-output>
  </reporter-output>
  <suite started-at="2021-10-20T09:40:09 ART" name="Suite" finished-at="2021-10-20T09:40:31 ART" duration-ms="22152">
    <groups>
    </groups>
    <test started-at="2021-10-20T09:40:09 ART" name="Test" finished-at="2021-10-20T09:40:31 ART" duration-ms="22152">
      <class name="testEvelia.TestEvelia">
        <test-method is-config="true" signature="setUp()[pri:0, instance:testEvelia.TestEvelia@1a38c59b]" started-at="2021-10-20T09:40:09 ART" name="setUp" finished-at="2021-10-20T09:40:18 ART" duration-ms="8585" status="PASS">
          <reporter-output>
          </reporter-output>
        </test-method> <!-- setUp -->
        <test-method signature="entrarAulaTestIRCDocente()[pri:0, instance:testEvelia.TestEvelia@1a38c59b]" started-at="2021-10-20T09:40:18 ART" name="entrarAulaTestIRCDocente" finished-at="2021-10-20T09:40:31 ART" duration-ms="12983" status="PASS">
          <reporter-output>
          </reporter-output>
        </test-method> <!-- entrarAulaTestIRCDocente -->
        <test-method is-config="true" signature="tearDown()[pri:0, instance:testEvelia.TestEvelia@1a38c59b]" started-at="2021-10-20T09:40:31 ART" name="tearDown" finished-at="2021-10-20T09:40:31 ART" duration-ms="509" status="PASS">
          <reporter-output>
          </reporter-output>
        </test-method> <!-- tearDown -->
      </class> <!-- testEvelia.TestEvelia -->
    </test> <!-- Test -->
  </suite> <!-- Suite -->
</testng-results>
