<?xml version="1.0" encoding="UTF-8"?>
<testng-results ignored="0" total="1" passed="1" failed="0" skipped="0">
  <reporter-output>
  </reporter-output>
  <suite started-at="2022-11-02T07:30:11 ART" name="Default suite" finished-at="2022-11-02T07:31:13 ART" duration-ms="62221">
    <groups>
    </groups>
    <test started-at="2022-11-02T07:30:11 ART" name="Default test" finished-at="2022-11-02T07:31:13 ART" duration-ms="62221">
      <class name="testSuite.TestSuite">
        <test-method is-config="true" signature="setUp()[pri:0, instance:testSuite.TestSuite@7133da86]" started-at="2022-11-02T07:30:11 ART" name="setUp" finished-at="2022-11-02T07:30:14 ART" duration-ms="3329" status="PASS">
          <reporter-output>
          </reporter-output>
        </test-method> <!-- setUp -->
        <test-method signature="test()[pri:0, instance:testSuite.TestSuite@7133da86]" started-at="2022-11-02T07:30:14 ART" name="test" finished-at="2022-11-02T07:31:13 ART" duration-ms="58662" status="PASS">
          <reporter-output>
          </reporter-output>
        </test-method> <!-- test -->
        <test-method is-config="true" signature="tearDown()[pri:0, instance:testSuite.TestSuite@7133da86]" started-at="2022-11-02T07:31:13 ART" name="tearDown" finished-at="2022-11-02T07:31:13 ART" duration-ms="166" status="PASS">
          <reporter-output>
          </reporter-output>
        </test-method> <!-- tearDown -->
      </class> <!-- testSuite.TestSuite -->
    </test> <!-- Default test -->
  </suite> <!-- Default suite -->
</testng-results>
