<?xml version="1.0" encoding="UTF-8"?>
<testng-results ignored="0" total="1" passed="1" failed="0" skipped="0">
  <reporter-output>
  </reporter-output>
  <suite started-at="2022-04-21T08:49:51 ART" name="Default suite" finished-at="2022-04-21T08:50:13 ART" duration-ms="21969">
    <groups>
    </groups>
    <test started-at="2022-04-21T08:49:51 ART" name="Default test" finished-at="2022-04-21T08:50:13 ART" duration-ms="21969">
      <class name="testEvelia.TestEvelia">
        <test-method is-config="true" signature="setUp()[pri:0, instance:testEvelia.TestEvelia@4229bb3f]" started-at="2022-04-21T08:49:51 ART" name="setUp" finished-at="2022-04-21T08:49:56 ART" duration-ms="5523" status="PASS">
          <reporter-output>
          </reporter-output>
        </test-method> <!-- setUp -->
        <test-method signature="rendirExamen()[pri:0, instance:testEvelia.TestEvelia@4229bb3f]" started-at="2022-04-21T08:49:56 ART" name="rendirExamen" finished-at="2022-04-21T08:50:13 ART" duration-ms="16302" status="PASS">
          <reporter-output>
          </reporter-output>
        </test-method> <!-- rendirExamen -->
        <test-method is-config="true" signature="tearDown()[pri:0, instance:testEvelia.TestEvelia@4229bb3f]" started-at="2022-04-21T08:50:13 ART" name="tearDown" finished-at="2022-04-21T08:50:13 ART" duration-ms="85" status="PASS">
          <reporter-output>
          </reporter-output>
        </test-method> <!-- tearDown -->
      </class> <!-- testEvelia.TestEvelia -->
    </test> <!-- Default test -->
  </suite> <!-- Default suite -->
</testng-results>
